O|[Hg]c1c([O-])c(Br)cc2c1OC3=CC(=O)C(=CC3=C2c4ccccc4C([O-])=O)Br.[Na+].[Na+] Merbromin is not in ChEMBL
No record found for Merbromin disodium salt
Multiple inhibitions found for Loracarbef: [['17B08' 'Prestw-2104' 'Loracarbef' nan 'Infectiology' 'Antibacterial'
  0.606534692]
 ['08F02' 'Prestw-1431' 'Loracarbef' nan 'Infectiology' 'Antibacterial'
  0.024827738999999998]]
[H+].[H+].[Cl-].[Cl-].COc1ccccc1N2CCN(CCCCNC(=O)c3ccc4ccccc4c3)CC2 DO 897/99 is not in ChEMBL
No record found for DO 897/99
[22:42:17] WARNING: Omitted undefined stereo
[22:47:12] WARNING: Proton(s) added/removed
Multiple inhibitions found for Allopurinol: [['17A02' 'Prestw-2098' 'Allopurinol' nan 'Neuromuscular' 'Antigout'
  0.25032993800000003]
 ['12F11' 'Prestw-1213' 'Allopurinol' nan 'Metabolism' nan 0.116651714]]
Multiple records found for Chloramine-T hydrate: [('Cc1ccc(S(=O)(=O)NCl)cc1', 'CHEMBL1625750', 'CHLORAMINE-T', 0), ('Cc1ccc(S(=O)(=O)[N-]Cl)cc1.[Na+]', 'CHEMBL1697734', 'CHLORAMINE-T', 0)]
Multiple records found for Dexamethasone acetate: [('CC(=O)O[C@]1(C(=O)CO)[C@H](C)C[C@H]2[C@@H]3CCC4=CC(=O)C=C[C@]4(C)[C@@]3(F)[C@@H](O)C[C@@]21C', 'CHEMBL1651', 'DEXAMETHASONE ACETATE', 0), ('CC(=O)OCC(=O)[C@@]1(O)[C@H](C)C[C@H]2[C@@H]3CCC4=CC(=O)C=C[C@]4(C)[C@@]3(F)[C@@H](O)C[C@@]21C', 'CHEMBL1530428', 'DEXAMETHASONE ACETATE', 4)]
Multiple inhibitions found for Allopurinol: [['17A02' 'Prestw-2098' 'Allopurinol' nan 'Neuromuscular' 'Antigout'
  0.25032993800000003]
 ['12F11' 'Prestw-1213' 'Allopurinol' nan 'Metabolism' nan 0.116651714]]
[In+3] in is not in ChEMBL
No record found for Scopolamin-N-oxide hydrobromide
CC(C)(C)CC(C)(C)c1ccc(O)cc1.C=O.C2CO2 Tyloxapol is not in ChEMBL
No record found for Tyloxapol
NC(=O)C1CCCN1C(=O)C(Cc2[nH]cnc2)NC(=O)C3CCC(=O)N3 Thyrotropin-Releasing Hormone is not in ChEMBL
No record found for Thyrotropin-Releasing Hormone
[23:04:42] WARNING: Proton(s) added/removed
CC(=O)c1cccc(C(O)=O)c1OCc2ccccc2O Acetylsalicylsalicylic acid is not in ChEMBL
No record found for Acetylsalicylsalicylic acid
[Na+].[Na+].[Na+].[Na+].COc1cc(ccc1N\N=C\2C=Cc3c(cc(c(N)c3C2=O)[S]([O-])(=O)=O)[S]([O-])(=O)=O)c4ccc(N\N=C/5C=Cc6c(cc(c(N)c6C5=O)[S]([O-])(=O)=O)[S]([O-])(=O)=O)c(OC)c4 Chicago sky blue 6B is not in ChEMBL
No record found for Chicago sky blue 6B
[Co+3]|[C-]#N.C[C@H](CNC(=O)CC[C@]1(C)[C@@H](CC(N)=O)[C@H]2N=C1C(=C3[N-]C(=CC4=NC(=C(C)C5=N[C@]2(C)[C@@](C)(CC(N)=O)[C@@H]5CCC(N)=O)[C@@](C)(CC(N)=O)[C@@H]4CCC(N)=O)C(C)(C)[C@@H]3CCC(N)=O)C)O[P]([O-])(=O)O[C@H]6[C@@H](O)[C@H](O[C@@H]6CO)n7cnc8cc(C)c(C)cc78 Cyanocobalamin is not in ChEMBL
No record found for Cyanocobalamin
NIH can not resolve Urosiol
No record found for Urosiol
[23:12:22] WARNING: Omitted undefined stereo
Cl.Cl.Cl.Cl.Cl.NCCNCCNCCNCCN Tetraethylenepentamine pentahydrochloride is not in ChEMBL
No record found for Tetraethylenepentamine pentahydrochloride
Multiple inhibitions found for Loracarbef: [['17B08' 'Prestw-2104' 'Loracarbef' nan 'Infectiology' 'Antibacterial'
  0.606534692]
 ['08F02' 'Prestw-1431' 'Loracarbef' nan 'Infectiology' 'Antibacterial'
  0.024827738999999998]]
NC12CC3CC(CC(C3)C1)C2.NC45CC6CC(CC(C6)C4)C5.OC(=O)\C=C\C(O)=O Adamantamine fumarate is not in ChEMBL
No record found for Adamantamine fumarate
CN[C@H](C)[C@@H]1CC[C@@H](N)[C@H](O1)O[C@@H]2[C@@H](N)C[C@@H](N)[C@H](O[C@H]3OC[C@](C)(O)[C@H](NC)[C@H]3O)[C@H]2O.CN[C@@H]4[C@@H](O)[C@H](OC[C@]4(C)O)O[C@H]5[C@H](N)C[C@H](N)[C@@H](O[C@H]6O[C@H](CN)CC[C@H]6N)[C@@H]5O.CN[C@@H]7[C@@H](O)[C@H](OC[C@]7(C)O)O[C@H]8[C@H](N)C[C@H](N)[C@@H](O[C@H]9O[C@@H](CC[C@H]9N)[C@@H](C)N)[C@@H]8O.O[S](O)(=O)=O Gentamicine sulfate is not in ChEMBL
No record found for Gentamicine sulfate
[23:20:33] WARNING: Omitted undefined stereo
C[C@@H]1OC(=O)CC(O)CC(O)CC(O)CCC(O)C(O)C[C@]2(O)CC(O)C(C(CC(O[C@H]3O[C@H](C)[C@@H](O)[C@H](N)[C@@H]3O)\C=C\C=C\C=C\C=C\CC/C=C/C=C/[C@H](C)[C@@H](O)[C@H]1C)O2)C(O)=O Nystatine is not in ChEMBL
No record found for Nystatine
[23:27:27] WARNING: Omitted undefined stereo
[23:31:02] WARNING: Charges were rearranged
[23:31:02] WARNING: Charges were rearranged
[23:31:02] WARNING: Charges were rearranged; Omitted undefined stereo
CC(C)C[C@@H](NC(=O)[C@H](C)NC(=O)CNC(=O)[C@@H](NC=O)C(C)C)C(=O)N[C@@H](C)C(=O)N[C@H](C(C)C)C(=O)N[C@@H](C(C)C)C(=O)N[C@@H](C(C)C)C(=O)N[C@@H](Cc1c[nH]c2ccccc12)C(=O)N[C@H](CC(C)C)C(=O)N[C@@H](Cc3c[nH]c4ccccc34)C(=O)N[C@H](CC(C)C)C(=O)N[C@@H](Cc5c[nH]c6ccccc56)C(=O)N[C@H](CC(C)C)C(=O)N[C@@H](Cc7c[nH]c8ccccc78)C(=O)NCCO Gramicidin is not in ChEMBL
No record found for Gramicidin
[Na+].CC[Hg]Sc1ccccc1C([O-])=O Thimerosal is not in ChEMBL
No record found for Thimerosal
NIH can not resolve Auranofin
No record found for Auranofin
1504 SMILES found for 1520 data points
